<?xml version="1.0" encoding="UTF-8"?>
<testng-results skipped="0" failed="0" ignored="0" total="1" passed="1">
  <reporter-output>
  </reporter-output>
  <suite name="Default suite" duration-ms="26160" started-at="2021-09-30T06:38:24Z" finished-at="2021-09-30T06:38:50Z">
    <groups>
    </groups>
    <test name="Default test" duration-ms="26160" started-at="2021-09-30T06:38:24Z" finished-at="2021-09-30T06:38:50Z">
      <class name="com.testCase.LoginTestCase">
        <test-method status="PASS" signature="stratUp()[pri:0, instance:com.testCase.LoginTestCase@5a772895]" name="stratUp" is-config="true" duration-ms="20529" started-at="2021-09-30T06:38:24Z" finished-at="2021-09-30T06:38:45Z">
          <reporter-output>
          </reporter-output>
        </test-method> <!-- stratUp -->
        <test-method status="PASS" signature="login()[pri:0, instance:com.testCase.LoginTestCase@5a772895]" name="login" duration-ms="4881" started-at="2021-09-30T06:38:45Z" finished-at="2021-09-30T06:38:50Z">
          <reporter-output>
          </reporter-output>
        </test-method> <!-- login -->
        <test-method status="PASS" signature="close()[pri:0, instance:com.testCase.LoginTestCase@5a772895]" name="close" is-config="true" duration-ms="453" started-at="2021-09-30T06:38:50Z" finished-at="2021-09-30T06:38:50Z">
          <reporter-output>
          </reporter-output>
        </test-method> <!-- close -->
      </class> <!-- com.testCase.LoginTestCase -->
    </test> <!-- Default test -->
  </suite> <!-- Default suite -->
</testng-results>
